root - INFO - args: Namespace(run_dir='runs_d4/mse_patch_runet_zeroinit', epochs=10, baseline=False, batch_size=128, data_path='./data/raw/train', val_path='./data/raw/val', loss_fn='mse', num_frames=10, patch=True, lr=0.0001, log_every=100, save_every=1000, down_sample=4, up_sample=1, use_tanh=False, use_runet=True, use_subp=False)
root - INFO - dataset size: 1872558
root - INFO - epoch: 0
root - INFO - orig loss: 0.0002866499125957489, loss: 0.00028648506850004196, sample/s = 100184.72608657519
root - INFO - orig loss: 0.0015610784757882357, loss: 0.0015610659029334784, sample/s = 103436.75874173704
root - INFO - orig loss: 0.003069013124331832, loss: 0.003068963997066021, sample/s = 103435.76231412729
root - INFO - orig loss: 0.00011386362166376784, loss: 0.000113860318379011, sample/s = 103539.69339481636
root - INFO - orig loss: 0.00046319563989527524, loss: 0.0004631922347471118, sample/s = 104552.51901677527
root - INFO - orig loss: 0.009999009780585766, loss: 0.009998937137424946, sample/s = 99076.70639299911
root - INFO - orig loss: 0.004317064769566059, loss: 0.004317054525017738, sample/s = 103841.69559910949
root - INFO - orig loss: 0.001281672390177846, loss: 0.001281672390177846, sample/s = 99006.36264220603
root - INFO - orig loss: 0.000512507336679846, loss: 0.0005123860901221633, sample/s = 103648.03552294995
root - INFO - orig loss: 0.0032214142847806215, loss: 0.0032214114908128977, sample/s = 104228.15962973605
root - INFO - model saved at runs_d4/mse_patch_runet_zeroinit/model_1000.pth
root - INFO - avg val_loss: 0.0013724862376693636
root - INFO - orig loss: 0.00011397890921216458, loss: 0.00011398198694223538, sample/s = 103163.66075014364
root - INFO - orig loss: 0.0027987128123641014, loss: 0.002798731904476881, sample/s = 103267.64137315511
root - INFO - orig loss: 0.00018153406563214958, loss: 0.00018109686789102852, sample/s = 100402.43791598952
root - INFO - args: Namespace(run_dir='runs_d4/mse_patch_runet_zeroinit', epochs=10, baseline=False, batch_size=128, data_path='./data/raw/train', val_path='./data/raw/val', loss_fn='mse', num_frames=10, patch=True, lr=0.0001, log_every=100, save_every=1000, down_sample=4, up_sample=1, use_tanh=False, use_runet=True, use_subp=False)
root - INFO - model loaded from runs_d4/mse_patch_runet_zeroinit/model_1000.pth
root - INFO - dataset size: 1872558
root - INFO - epoch: 0
root - INFO - orig loss: 0.0002866499125957489, loss: 0.00028648541774600744, sample/s = 99299.72459433615
root - INFO - orig loss: 0.0015610784757882357, loss: 0.0015610660193488002, sample/s = 102595.29362303884
root - INFO - orig loss: 0.003069013124331832, loss: 0.003068963997066021, sample/s = 101877.29127212142
root - INFO - orig loss: 0.00011386362166376784, loss: 0.00011386027472326532, sample/s = 102196.6935132326
root - INFO - orig loss: 0.00046319563989527524, loss: 0.00046319226385094225, sample/s = 101457.39031179664
root - INFO - orig loss: 0.009999009780585766, loss: 0.009998937137424946, sample/s = 101811.21747705378
root - INFO - orig loss: 0.004317064769566059, loss: 0.004317054525017738, sample/s = 103978.05128880504
root - INFO - orig loss: 0.001281672390177846, loss: 0.001281672390177846, sample/s = 103675.45680309286
root - INFO - orig loss: 0.000512507336679846, loss: 0.000512386264745146, sample/s = 103872.03293747993
root - INFO - orig loss: 0.0032214142847806215, loss: 0.0032214114908128977, sample/s = 101621.01051093398
root - INFO - model saved at runs_d4/mse_patch_runet_zeroinit/model_1000.pth
root - INFO - avg val_loss: 0.001372486256295815
root - INFO - orig loss: 0.00011397890921216458, loss: 0.00011398197966627777, sample/s = 103619.82876421497
root - INFO - orig loss: 0.0027987128123641014, loss: 0.002798731904476881, sample/s = 100771.43634763054
root - INFO - orig loss: 0.00018153406563214958, loss: 0.0001810968533391133, sample/s = 103778.66671305934
root - INFO - orig loss: 0.0007769459625706077, loss: 0.0007764220936223865, sample/s = 101366.97285468562
root - INFO - orig loss: 0.0008573578088544309, loss: 0.000857036910019815, sample/s = 101352.04650100338
root - INFO - orig loss: 0.0006058358121663332, loss: 0.0006058291182853281, sample/s = 101449.91326497833
root - INFO - orig loss: 0.001514631207101047, loss: 0.0015145438956096768, sample/s = 101263.72660896201
root - INFO - orig loss: 0.000301640247926116, loss: 0.0003013015375472605, sample/s = 103778.46610634727
root - INFO - orig loss: 0.00026507870643399656, loss: 0.000264702714048326, sample/s = 102004.0758241612
root - INFO - orig loss: 0.00011745690426323563, loss: 0.00011718325549736619, sample/s = 103563.06172839506
root - INFO - model saved at runs_d4/mse_patch_runet_zeroinit/model_2000.pth
root - INFO - avg val_loss: 0.0013726939947810025
root - INFO - orig loss: 0.0008584537426941097, loss: 0.0008582347654737532, sample/s = 103642.2328785106
root - INFO - orig loss: 0.0007090579019859433, loss: 0.0007086943951435387, sample/s = 103387.35905993094
root - INFO - orig loss: 0.00030613274429924786, loss: 0.0003061304450966418, sample/s = 103765.62888973072
root - INFO - orig loss: 0.0013291339855641127, loss: 0.0013291293289512396, sample/s = 103897.76324192519
root - INFO - orig loss: 0.0002991500950884074, loss: 0.0002991531800944358, sample/s = 103259.49792662004
root - INFO - orig loss: 3.7900626921327785e-05, loss: 3.790031769312918e-05, sample/s = 103258.10771044619
root - INFO - orig loss: 0.0004840028996113688, loss: 0.00048393718316219747, sample/s = 103474.03892484475
root - INFO - orig loss: 0.0009339915704913437, loss: 0.0009338364470750093, sample/s = 102547.4777187346
root - INFO - orig loss: 0.0010067828698083758, loss: 0.001006433041766286, sample/s = 103950.87227426394
root - INFO - orig loss: 0.0005779365892522037, loss: 0.0005779336206614971, sample/s = 103763.02171816444
root - INFO - model saved at runs_d4/mse_patch_runet_zeroinit/model_3000.pth
root - INFO - avg val_loss: 0.0013724881038069724
root - INFO - orig loss: 0.0023341886699199677, loss: 0.0023341632913798094, sample/s = 103693.07812650893
root - INFO - orig loss: 0.004345375578850508, loss: 0.004345153458416462, sample/s = 103977.44715629806
root - INFO - orig loss: 0.0033409656025469303, loss: 0.0033406587317585945, sample/s = 104012.498450093
root - INFO - orig loss: 0.003960898611694574, loss: 0.003959891386330128, sample/s = 104641.57237889747
root - INFO - orig loss: 0.002702512079849839, loss: 0.0027018769178539515, sample/s = 104108.50675995377
root - INFO - orig loss: 0.0012269048020243645, loss: 0.0012267435668036342, sample/s = 103710.70544100205
root - INFO - orig loss: 0.0007849817047826946, loss: 0.0007844262872822583, sample/s = 103615.82904874397
root - INFO - orig loss: 0.00032103279954753816, loss: 0.0003202955995220691, sample/s = 103893.1388884051
root - INFO - orig loss: 0.0030251217540353537, loss: 0.0030247375834733248, sample/s = 103645.43425716426
root - INFO - orig loss: 0.0018577325390651822, loss: 0.0018569331150501966, sample/s = 104093.56946474897
root - INFO - model saved at runs_d4/mse_patch_runet_zeroinit/model_4000.pth
root - INFO - avg val_loss: 0.0013729679817333818
root - INFO - orig loss: 0.0007656773668713868, loss: 0.0007646635640412569, sample/s = 104080.25062812123
root - INFO - orig loss: 0.0028254310600459576, loss: 0.002825017785653472, sample/s = 103274.79277556666
root - INFO - orig loss: 0.0004532641323748976, loss: 0.000453357701189816, sample/s = 100652.03555352245
root - INFO - orig loss: 0.0006247592391446233, loss: 0.0006247535930015147, sample/s = 103834.26464956696
root - INFO - orig loss: 0.0009502145112492144, loss: 0.000948902394156903, sample/s = 101080.12516615393
root - INFO - orig loss: 5.3422856581164524e-05, loss: 5.343331940821372e-05, sample/s = 103933.16323172407
root - INFO - orig loss: 1.233439616044052e-05, loss: 1.233444254467031e-05, sample/s = 102376.37264043905
root - INFO - orig loss: 9.251957635569852e-06, loss: 9.2518794190255e-06, sample/s = 104800.0827670751
root - INFO - orig loss: 9.712523024063557e-06, loss: 9.712514838611241e-06, sample/s = 103583.84243752605
root - INFO - orig loss: 8.791115760686807e-06, loss: 8.790987521933857e-06, sample/s = 102919.61559770034
root - INFO - model saved at runs_d4/mse_patch_runet_zeroinit/model_5000.pth
root - INFO - avg val_loss: 0.0013724861247465013
root - INFO - orig loss: 0.00017114999354816973, loss: 0.00017114938236773014, sample/s = 99115.11785904177
root - INFO - orig loss: 0.0014981983695179224, loss: 0.001498189172707498, sample/s = 98576.0709183917
root - INFO - orig loss: 2.172818494727835e-05, loss: 2.1728383217123337e-05, sample/s = 98555.0796523859
root - INFO - orig loss: 3.5696775739779696e-05, loss: 3.56968303094618e-05, sample/s = 99136.34839386352
root - INFO - orig loss: 0.00020976171072106808, loss: 0.00020976096857339144, sample/s = 104590.20044456652
root - INFO - orig loss: 0.00013822542678099126, loss: 0.00013801139721181244, sample/s = 103654.23906831627
root - INFO - orig loss: 0.0008038005325943232, loss: 0.0008025741553865373, sample/s = 105108.67012414419
root - INFO - orig loss: 0.0002661079342942685, loss: 0.00026603395235724747, sample/s = 102683.59574630862
root - INFO - orig loss: 0.00035648440825752914, loss: 0.0003561748017091304, sample/s = 103316.7278633505
root - INFO - orig loss: 0.0018263141391798854, loss: 0.0018260931828990579, sample/s = 102597.84244291265
root - INFO - model saved at runs_d4/mse_patch_runet_zeroinit/model_6000.pth
root - INFO - avg val_loss: 0.0013726331922225654
root - INFO - orig loss: 0.002643294632434845, loss: 0.002642960986122489, sample/s = 103926.12153956047
root - INFO - orig loss: 0.002737288596108556, loss: 0.0027369188610464334, sample/s = 103604.03168691322
root - INFO - orig loss: 0.002794839907437563, loss: 0.00279440451413393, sample/s = 103652.23784351506
root - INFO - orig loss: 0.0028714777436107397, loss: 0.002870834432542324, sample/s = 102794.87625269494
root - INFO - orig loss: 0.0032489236909896135, loss: 0.0032486373092979193, sample/s = 104034.66950876854
root - INFO - orig loss: 0.002423616359010339, loss: 0.0024223134387284517, sample/s = 103715.11320608917
root - INFO - orig loss: 0.00040047967922873795, loss: 0.0003999563050456345, sample/s = 99863.08065185163
root - INFO - orig loss: 0.00031525176018476486, loss: 0.0003144887450616807, sample/s = 104561.8859163927
root - INFO - orig loss: 3.601944263209589e-05, loss: 3.602246579248458e-05, sample/s = 103686.46942831263
root - INFO - orig loss: 0.00027889409102499485, loss: 0.0002785265096463263, sample/s = 104108.91053013291
root - INFO - model saved at runs_d4/mse_patch_runet_zeroinit/model_7000.pth
root - INFO - avg val_loss: 0.0013726403587497771
root - INFO - orig loss: 0.0001625746808713302, loss: 0.00016228588356170803, sample/s = 102170.43766865981
root - INFO - orig loss: 0.00010996940545737743, loss: 0.00010990596638293937, sample/s = 103010.4535660356
root - INFO - orig loss: 0.0003300110111013055, loss: 0.0003296906943432987, sample/s = 104213.99715041094
root - INFO - orig loss: 0.0007171847973950207, loss: 0.0007171851466409862, sample/s = 103764.02446095448
root - INFO - orig loss: 0.00017493618361186236, loss: 0.0001745505433063954, sample/s = 104094.1749474072
root - INFO - orig loss: 0.0014752590795978904, loss: 0.0014752503484487534, sample/s = 104586.53295073121
root - INFO - orig loss: 0.002471077721565962, loss: 0.0024710267316550016, sample/s = 102152.35815579222
root - INFO - orig loss: 0.002165028592571616, loss: 0.0021649436093866825, sample/s = 104518.52719984582
root - INFO - orig loss: 0.0022066584788262844, loss: 0.0022066831588745117, sample/s = 103683.46575305428
root - INFO - orig loss: 0.003424439113587141, loss: 0.0034242148976773024, sample/s = 100602.80856135249
root - INFO - model saved at runs_d4/mse_patch_runet_zeroinit/model_8000.pth
root - INFO - avg val_loss: 0.0013726886117365212
